<?xml version="1.0" encoding="UTF-8"?>
<testsuite xmlns:xsi="http://www.w3.org/2001/XMLSchema-instance" xsi:noNamespaceSchemaLocation="https://maven.apache.org/surefire/maven-surefire-plugin/xsd/surefire-test-report.xsd" name="com.wzf.ThreadLocalTest" time="0.001" tests="1" errors="0" skipped="0" failures="0">
  <properties>
    <property name="sun.desktop" value="windows"/>
    <property name="awt.toolkit" value="sun.awt.windows.WToolkit"/>
    <property name="file.encoding.pkg" value="sun.io"/>
    <property name="java.specification.version" value="1.8"/>
    <property name="sun.cpu.isalist" value="amd64"/>
    <property name="sun.jnu.encoding" value="GBK"/>
    <property name="java.class.path" value="E:\program_WorkSpace\big-event\target\test-classes;E:\program_WorkSpace\big-event\target\classes;E:\program_Tool\Apache_SoftWare\maven-repository\org\springframework\boot\spring-boot-starter-web\2.1.6.RELEASE\spring-boot-starter-web-2.1.6.RELEASE.jar;E:\program_Tool\Apache_SoftWare\maven-repository\org\springframework\boot\spring-boot-starter\2.1.6.RELEASE\spring-boot-starter-2.1.6.RELEASE.jar;E:\program_Tool\Apache_SoftWare\maven-repository\org\springframework\boot\spring-boot\2.1.6.RELEASE\spring-boot-2.1.6.RELEASE.jar;E:\program_Tool\Apache_SoftWare\maven-repository\org\springframework\boot\spring-boot-autoconfigure\2.1.6.RELEASE\spring-boot-autoconfigure-2.1.6.RELEASE.jar;E:\program_Tool\Apache_SoftWare\maven-repository\org\springframework\boot\spring-boot-starter-logging\2.1.6.RELEASE\spring-boot-starter-logging-2.1.6.RELEASE.jar;E:\program_Tool\Apache_SoftWare\maven-repository\ch\qos\logback\logback-classic\1.2.3\logback-classic-1.2.3.jar;E:\program_Tool\Apache_SoftWare\maven-repository\ch\qos\logback\logback-core\1.2.3\logback-core-1.2.3.jar;E:\program_Tool\Apache_SoftWare\maven-repository\org\apache\logging\log4j\log4j-to-slf4j\2.11.2\log4j-to-slf4j-2.11.2.jar;E:\program_Tool\Apache_SoftWare\maven-repository\org\apache\logging\log4j\log4j-api\2.11.2\log4j-api-2.11.2.jar;E:\program_Tool\Apache_SoftWare\maven-repository\org\slf4j\jul-to-slf4j\1.7.26\jul-to-slf4j-1.7.26.jar;E:\program_Tool\Apache_SoftWare\maven-repository\javax\annotation\javax.annotation-api\1.3.2\javax.annotation-api-1.3.2.jar;E:\program_Tool\Apache_SoftWare\maven-repository\org\yaml\snakeyaml\1.23\snakeyaml-1.23.jar;E:\program_Tool\Apache_SoftWare\maven-repository\org\springframework\boot\spring-boot-starter-json\2.1.6.RELEASE\spring-boot-starter-json-2.1.6.RELEASE.jar;E:\program_Tool\Apache_SoftWare\maven-repository\com\fasterxml\jackson\datatype\jackson-datatype-jdk8\2.9.9\jackson-datatype-jdk8-2.9.9.jar;E:\program_Tool\Apache_SoftWare\maven-repository\com\fasterxml\jackson\datatype\jackson-datatype-jsr310\2.9.9\jackson-datatype-jsr310-2.9.9.jar;E:\program_Tool\Apache_SoftWare\maven-repository\com\fasterxml\jackson\module\jackson-module-parameter-names\2.9.9\jackson-module-parameter-names-2.9.9.jar;E:\program_Tool\Apache_SoftWare\maven-repository\org\springframework\boot\spring-boot-starter-tomcat\2.1.6.RELEASE\spring-boot-starter-tomcat-2.1.6.RELEASE.jar;E:\program_Tool\Apache_SoftWare\maven-repository\org\apache\tomcat\embed\tomcat-embed-core\9.0.21\tomcat-embed-core-9.0.21.jar;E:\program_Tool\Apache_SoftWare\maven-repository\org\apache\tomcat\embed\tomcat-embed-websocket\9.0.21\tomcat-embed-websocket-9.0.21.jar;E:\program_Tool\Apache_SoftWare\maven-repository\org\hibernate\validator\hibernate-validator\6.0.17.Final\hibernate-validator-6.0.17.Final.jar;E:\program_Tool\Apache_SoftWare\maven-repository\javax\validation\validation-api\2.0.1.Final\validation-api-2.0.1.Final.jar;E:\program_Tool\Apache_SoftWare\maven-repository\org\jboss\logging\jboss-logging\3.3.2.Final\jboss-logging-3.3.2.Final.jar;E:\program_Tool\Apache_SoftWare\maven-repository\com\fasterxml\classmate\1.4.0\classmate-1.4.0.jar;E:\program_Tool\Apache_SoftWare\maven-repository\org\springframework\spring-web\5.1.8.RELEASE\spring-web-5.1.8.RELEASE.jar;E:\program_Tool\Apache_SoftWare\maven-repository\org\springframework\spring-beans\5.1.8.RELEASE\spring-beans-5.1.8.RELEASE.jar;E:\program_Tool\Apache_SoftWare\maven-repository\org\springframework\spring-webmvc\5.1.8.RELEASE\spring-webmvc-5.1.8.RELEASE.jar;E:\program_Tool\Apache_SoftWare\maven-repository\org\springframework\spring-context\5.1.8.RELEASE\spring-context-5.1.8.RELEASE.jar;E:\program_Tool\Apache_SoftWare\maven-repository\org\springframework\spring-expression\5.1.8.RELEASE\spring-expression-5.1.8.RELEASE.jar;E:\program_Tool\Apache_SoftWare\maven-repository\org\mybatis\spring\boot\mybatis-spring-boot-starter\2.1.1\mybatis-spring-boot-starter-2.1.1.jar;E:\program_Tool\Apache_SoftWare\maven-repository\org\springframework\boot\spring-boot-starter-jdbc\2.1.6.RELEASE\spring-boot-starter-jdbc-2.1.6.RELEASE.jar;E:\program_Tool\Apache_SoftWare\maven-repository\com\zaxxer\HikariCP\3.2.0\HikariCP-3.2.0.jar;E:\program_Tool\Apache_SoftWare\maven-repository\org\springframework\spring-jdbc\5.1.8.RELEASE\spring-jdbc-5.1.8.RELEASE.jar;E:\program_Tool\Apache_SoftWare\maven-repository\org\mybatis\spring\boot\mybatis-spring-boot-autoconfigure\2.1.1\mybatis-spring-boot-autoconfigure-2.1.1.jar;E:\program_Tool\Apache_SoftWare\maven-repository\org\mybatis\mybatis\3.5.3\mybatis-3.5.3.jar;E:\program_Tool\Apache_SoftWare\maven-repository\org\mybatis\mybatis-spring\2.0.3\mybatis-spring-2.0.3.jar;E:\program_Tool\Apache_SoftWare\maven-repository\mysql\mysql-connector-java\8.0.16\mysql-connector-java-8.0.16.jar;E:\program_Tool\Apache_SoftWare\maven-repository\org\projectlombok\lombok\1.18.8\lombok-1.18.8.jar;E:\program_Tool\Apache_SoftWare\maven-repository\org\springframework\boot\spring-boot-starter-validation\2.1.6.RELEASE\spring-boot-starter-validation-2.1.6.RELEASE.jar;E:\program_Tool\Apache_SoftWare\maven-repository\org\apache\tomcat\embed\tomcat-embed-el\9.0.21\tomcat-embed-el-9.0.21.jar;E:\program_Tool\Apache_SoftWare\maven-repository\com\auth0\java-jwt\4.2.1\java-jwt-4.2.1.jar;E:\program_Tool\Apache_SoftWare\maven-repository\com\fasterxml\jackson\core\jackson-databind\2.9.9\jackson-databind-2.9.9.jar;E:\program_Tool\Apache_SoftWare\maven-repository\com\fasterxml\jackson\core\jackson-annotations\2.9.0\jackson-annotations-2.9.0.jar;E:\program_Tool\Apache_SoftWare\maven-repository\com\fasterxml\jackson\core\jackson-core\2.9.9\jackson-core-2.9.9.jar;E:\program_Tool\Apache_SoftWare\maven-repository\org\springframework\boot\spring-boot-starter-test\2.1.6.RELEASE\spring-boot-starter-test-2.1.6.RELEASE.jar;E:\program_Tool\Apache_SoftWare\maven-repository\org\springframework\boot\spring-boot-test\2.1.6.RELEASE\spring-boot-test-2.1.6.RELEASE.jar;E:\program_Tool\Apache_SoftWare\maven-repository\org\springframework\boot\spring-boot-test-autoconfigure\2.1.6.RELEASE\spring-boot-test-autoconfigure-2.1.6.RELEASE.jar;E:\program_Tool\Apache_SoftWare\maven-repository\com\jayway\jsonpath\json-path\2.4.0\json-path-2.4.0.jar;E:\program_Tool\Apache_SoftWare\maven-repository\net\minidev\json-smart\2.3\json-smart-2.3.jar;E:\program_Tool\Apache_SoftWare\maven-repository\net\minidev\accessors-smart\1.2\accessors-smart-1.2.jar;E:\program_Tool\Apache_SoftWare\maven-repository\org\ow2\asm\asm\5.0.4\asm-5.0.4.jar;E:\program_Tool\Apache_SoftWare\maven-repository\org\slf4j\slf4j-api\1.7.26\slf4j-api-1.7.26.jar;E:\program_Tool\Apache_SoftWare\maven-repository\junit\junit\4.12\junit-4.12.jar;E:\program_Tool\Apache_SoftWare\maven-repository\org\assertj\assertj-core\3.11.1\assertj-core-3.11.1.jar;E:\program_Tool\Apache_SoftWare\maven-repository\org\mockito\mockito-core\2.23.4\mockito-core-2.23.4.jar;E:\program_Tool\Apache_SoftWare\maven-repository\net\bytebuddy\byte-buddy\1.9.13\byte-buddy-1.9.13.jar;E:\program_Tool\Apache_SoftWare\maven-repository\net\bytebuddy\byte-buddy-agent\1.9.13\byte-buddy-agent-1.9.13.jar;E:\program_Tool\Apache_SoftWare\maven-repository\org\objenesis\objenesis\2.6\objenesis-2.6.jar;E:\program_Tool\Apache_SoftWare\maven-repository\org\hamcrest\hamcrest-core\1.3\hamcrest-core-1.3.jar;E:\program_Tool\Apache_SoftWare\maven-repository\org\hamcrest\hamcrest-library\1.3\hamcrest-library-1.3.jar;E:\program_Tool\Apache_SoftWare\maven-repository\org\skyscreamer\jsonassert\1.5.0\jsonassert-1.5.0.jar;E:\program_Tool\Apache_SoftWare\maven-repository\com\vaadin\external\google\android-json\0.0.20131108.vaadin1\android-json-0.0.20131108.vaadin1.jar;E:\program_Tool\Apache_SoftWare\maven-repository\org\springframework\spring-core\5.1.8.RELEASE\spring-core-5.1.8.RELEASE.jar;E:\program_Tool\Apache_SoftWare\maven-repository\org\springframework\spring-jcl\5.1.8.RELEASE\spring-jcl-5.1.8.RELEASE.jar;E:\program_Tool\Apache_SoftWare\maven-repository\org\springframework\spring-test\5.1.8.RELEASE\spring-test-5.1.8.RELEASE.jar;E:\program_Tool\Apache_SoftWare\maven-repository\org\xmlunit\xmlunit-core\2.6.2\xmlunit-core-2.6.2.jar;E:\program_Tool\Apache_SoftWare\maven-repository\com\github\pagehelper\pagehelper\5.1.10\pagehelper-5.1.10.jar;E:\program_Tool\Apache_SoftWare\maven-repository\com\github\jsqlparser\jsqlparser\2.0\jsqlparser-2.0.jar;E:\program_Tool\Apache_SoftWare\maven-repository\org\springframework\boot\spring-boot-starter-data-redis\2.1.6.RELEASE\spring-boot-starter-data-redis-2.1.6.RELEASE.jar;E:\program_Tool\Apache_SoftWare\maven-repository\org\springframework\data\spring-data-redis\2.1.9.RELEASE\spring-data-redis-2.1.9.RELEASE.jar;E:\program_Tool\Apache_SoftWare\maven-repository\org\springframework\data\spring-data-keyvalue\2.1.9.RELEASE\spring-data-keyvalue-2.1.9.RELEASE.jar;E:\program_Tool\Apache_SoftWare\maven-repository\org\springframework\data\spring-data-commons\2.1.9.RELEASE\spring-data-commons-2.1.9.RELEASE.jar;E:\program_Tool\Apache_SoftWare\maven-repository\org\springframework\spring-tx\5.1.8.RELEASE\spring-tx-5.1.8.RELEASE.jar;E:\program_Tool\Apache_SoftWare\maven-repository\org\springframework\spring-oxm\5.1.8.RELEASE\spring-oxm-5.1.8.RELEASE.jar;E:\program_Tool\Apache_SoftWare\maven-repository\org\springframework\spring-context-support\5.1.8.RELEASE\spring-context-support-5.1.8.RELEASE.jar;E:\program_Tool\Apache_SoftWare\maven-repository\io\lettuce\lettuce-core\5.1.7.RELEASE\lettuce-core-5.1.7.RELEASE.jar;E:\program_Tool\Apache_SoftWare\maven-repository\io\netty\netty-common\4.1.36.Final\netty-common-4.1.36.Final.jar;E:\program_Tool\Apache_SoftWare\maven-repository\io\netty\netty-handler\4.1.36.Final\netty-handler-4.1.36.Final.jar;E:\program_Tool\Apache_SoftWare\maven-repository\io\netty\netty-buffer\4.1.36.Final\netty-buffer-4.1.36.Final.jar;E:\program_Tool\Apache_SoftWare\maven-repository\io\netty\netty-codec\4.1.36.Final\netty-codec-4.1.36.Final.jar;E:\program_Tool\Apache_SoftWare\maven-repository\io\netty\netty-transport\4.1.36.Final\netty-transport-4.1.36.Final.jar;E:\program_Tool\Apache_SoftWare\maven-repository\io\netty\netty-resolver\4.1.36.Final\netty-resolver-4.1.36.Final.jar;E:\program_Tool\Apache_SoftWare\maven-repository\io\projectreactor\reactor-core\3.2.10.RELEASE\reactor-core-3.2.10.RELEASE.jar;E:\program_Tool\Apache_SoftWare\maven-repository\org\reactivestreams\reactive-streams\1.0.2\reactive-streams-1.0.2.jar;E:\program_Tool\Apache_SoftWare\maven-repository\org\springframework\boot\spring-boot-starter-aop\2.1.6.RELEASE\spring-boot-starter-aop-2.1.6.RELEASE.jar;E:\program_Tool\Apache_SoftWare\maven-repository\org\springframework\spring-aop\5.1.8.RELEASE\spring-aop-5.1.8.RELEASE.jar;E:\program_Tool\Apache_SoftWare\maven-repository\org\aspectj\aspectjweaver\1.9.4\aspectjweaver-1.9.4.jar;E:\program_Tool\Apache_SoftWare\maven-repository\com\revinate\guava-rate-limiter\19.0\guava-rate-limiter-19.0.jar;"/>
    <property name="java.vm.vendor" value="Oracle Corporation"/>
    <property name="sun.arch.data.model" value="64"/>
    <property name="user.variant" value=""/>
    <property name="java.vendor.url" value="http://java.oracle.com/"/>
    <property name="user.timezone" value="Asia/Shanghai"/>
    <property name="java.vm.specification.version" value="1.8"/>
    <property name="os.name" value="Windows 10"/>
    <property name="user.country" value="CN"/>
    <property name="sun.java.launcher" value="SUN_STANDARD"/>
    <property name="sun.boot.library.path" value="E:\jdk\jre\bin"/>
    <property name="sun.java.command" value="C:\Users\DELL\AppData\Local\Temp\surefire7527327018454482687\surefirebooter1464063251316934751.jar C:\Users\DELL\AppData\Local\Temp\surefire7527327018454482687 2024-08-28T04-59-53_544-jvmRun1 surefire1445316411459359167tmp surefire_0696550585248745175tmp"/>
    <property name="surefire.test.class.path" value="E:\program_WorkSpace\big-event\target\test-classes;E:\program_WorkSpace\big-event\target\classes;E:\program_Tool\Apache_SoftWare\maven-repository\org\springframework\boot\spring-boot-starter-web\2.1.6.RELEASE\spring-boot-starter-web-2.1.6.RELEASE.jar;E:\program_Tool\Apache_SoftWare\maven-repository\org\springframework\boot\spring-boot-starter\2.1.6.RELEASE\spring-boot-starter-2.1.6.RELEASE.jar;E:\program_Tool\Apache_SoftWare\maven-repository\org\springframework\boot\spring-boot\2.1.6.RELEASE\spring-boot-2.1.6.RELEASE.jar;E:\program_Tool\Apache_SoftWare\maven-repository\org\springframework\boot\spring-boot-autoconfigure\2.1.6.RELEASE\spring-boot-autoconfigure-2.1.6.RELEASE.jar;E:\program_Tool\Apache_SoftWare\maven-repository\org\springframework\boot\spring-boot-starter-logging\2.1.6.RELEASE\spring-boot-starter-logging-2.1.6.RELEASE.jar;E:\program_Tool\Apache_SoftWare\maven-repository\ch\qos\logback\logback-classic\1.2.3\logback-classic-1.2.3.jar;E:\program_Tool\Apache_SoftWare\maven-repository\ch\qos\logback\logback-core\1.2.3\logback-core-1.2.3.jar;E:\program_Tool\Apache_SoftWare\maven-repository\org\apache\logging\log4j\log4j-to-slf4j\2.11.2\log4j-to-slf4j-2.11.2.jar;E:\program_Tool\Apache_SoftWare\maven-repository\org\apache\logging\log4j\log4j-api\2.11.2\log4j-api-2.11.2.jar;E:\program_Tool\Apache_SoftWare\maven-repository\org\slf4j\jul-to-slf4j\1.7.26\jul-to-slf4j-1.7.26.jar;E:\program_Tool\Apache_SoftWare\maven-repository\javax\annotation\javax.annotation-api\1.3.2\javax.annotation-api-1.3.2.jar;E:\program_Tool\Apache_SoftWare\maven-repository\org\yaml\snakeyaml\1.23\snakeyaml-1.23.jar;E:\program_Tool\Apache_SoftWare\maven-repository\org\springframework\boot\spring-boot-starter-json\2.1.6.RELEASE\spring-boot-starter-json-2.1.6.RELEASE.jar;E:\program_Tool\Apache_SoftWare\maven-repository\com\fasterxml\jackson\datatype\jackson-datatype-jdk8\2.9.9\jackson-datatype-jdk8-2.9.9.jar;E:\program_Tool\Apache_SoftWare\maven-repository\com\fasterxml\jackson\datatype\jackson-datatype-jsr310\2.9.9\jackson-datatype-jsr310-2.9.9.jar;E:\program_Tool\Apache_SoftWare\maven-repository\com\fasterxml\jackson\module\jackson-module-parameter-names\2.9.9\jackson-module-parameter-names-2.9.9.jar;E:\program_Tool\Apache_SoftWare\maven-repository\org\springframework\boot\spring-boot-starter-tomcat\2.1.6.RELEASE\spring-boot-starter-tomcat-2.1.6.RELEASE.jar;E:\program_Tool\Apache_SoftWare\maven-repository\org\apache\tomcat\embed\tomcat-embed-core\9.0.21\tomcat-embed-core-9.0.21.jar;E:\program_Tool\Apache_SoftWare\maven-repository\org\apache\tomcat\embed\tomcat-embed-websocket\9.0.21\tomcat-embed-websocket-9.0.21.jar;E:\program_Tool\Apache_SoftWare\maven-repository\org\hibernate\validator\hibernate-validator\6.0.17.Final\hibernate-validator-6.0.17.Final.jar;E:\program_Tool\Apache_SoftWare\maven-repository\javax\validation\validation-api\2.0.1.Final\validation-api-2.0.1.Final.jar;E:\program_Tool\Apache_SoftWare\maven-repository\org\jboss\logging\jboss-logging\3.3.2.Final\jboss-logging-3.3.2.Final.jar;E:\program_Tool\Apache_SoftWare\maven-repository\com\fasterxml\classmate\1.4.0\classmate-1.4.0.jar;E:\program_Tool\Apache_SoftWare\maven-repository\org\springframework\spring-web\5.1.8.RELEASE\spring-web-5.1.8.RELEASE.jar;E:\program_Tool\Apache_SoftWare\maven-repository\org\springframework\spring-beans\5.1.8.RELEASE\spring-beans-5.1.8.RELEASE.jar;E:\program_Tool\Apache_SoftWare\maven-repository\org\springframework\spring-webmvc\5.1.8.RELEASE\spring-webmvc-5.1.8.RELEASE.jar;E:\program_Tool\Apache_SoftWare\maven-repository\org\springframework\spring-context\5.1.8.RELEASE\spring-context-5.1.8.RELEASE.jar;E:\program_Tool\Apache_SoftWare\maven-repository\org\springframework\spring-expression\5.1.8.RELEASE\spring-expression-5.1.8.RELEASE.jar;E:\program_Tool\Apache_SoftWare\maven-repository\org\mybatis\spring\boot\mybatis-spring-boot-starter\2.1.1\mybatis-spring-boot-starter-2.1.1.jar;E:\program_Tool\Apache_SoftWare\maven-repository\org\springframework\boot\spring-boot-starter-jdbc\2.1.6.RELEASE\spring-boot-starter-jdbc-2.1.6.RELEASE.jar;E:\program_Tool\Apache_SoftWare\maven-repository\com\zaxxer\HikariCP\3.2.0\HikariCP-3.2.0.jar;E:\program_Tool\Apache_SoftWare\maven-repository\org\springframework\spring-jdbc\5.1.8.RELEASE\spring-jdbc-5.1.8.RELEASE.jar;E:\program_Tool\Apache_SoftWare\maven-repository\org\mybatis\spring\boot\mybatis-spring-boot-autoconfigure\2.1.1\mybatis-spring-boot-autoconfigure-2.1.1.jar;E:\program_Tool\Apache_SoftWare\maven-repository\org\mybatis\mybatis\3.5.3\mybatis-3.5.3.jar;E:\program_Tool\Apache_SoftWare\maven-repository\org\mybatis\mybatis-spring\2.0.3\mybatis-spring-2.0.3.jar;E:\program_Tool\Apache_SoftWare\maven-repository\mysql\mysql-connector-java\8.0.16\mysql-connector-java-8.0.16.jar;E:\program_Tool\Apache_SoftWare\maven-repository\org\projectlombok\lombok\1.18.8\lombok-1.18.8.jar;E:\program_Tool\Apache_SoftWare\maven-repository\org\springframework\boot\spring-boot-starter-validation\2.1.6.RELEASE\spring-boot-starter-validation-2.1.6.RELEASE.jar;E:\program_Tool\Apache_SoftWare\maven-repository\org\apache\tomcat\embed\tomcat-embed-el\9.0.21\tomcat-embed-el-9.0.21.jar;E:\program_Tool\Apache_SoftWare\maven-repository\com\auth0\java-jwt\4.2.1\java-jwt-4.2.1.jar;E:\program_Tool\Apache_SoftWare\maven-repository\com\fasterxml\jackson\core\jackson-databind\2.9.9\jackson-databind-2.9.9.jar;E:\program_Tool\Apache_SoftWare\maven-repository\com\fasterxml\jackson\core\jackson-annotations\2.9.0\jackson-annotations-2.9.0.jar;E:\program_Tool\Apache_SoftWare\maven-repository\com\fasterxml\jackson\core\jackson-core\2.9.9\jackson-core-2.9.9.jar;E:\program_Tool\Apache_SoftWare\maven-repository\org\springframework\boot\spring-boot-starter-test\2.1.6.RELEASE\spring-boot-starter-test-2.1.6.RELEASE.jar;E:\program_Tool\Apache_SoftWare\maven-repository\org\springframework\boot\spring-boot-test\2.1.6.RELEASE\spring-boot-test-2.1.6.RELEASE.jar;E:\program_Tool\Apache_SoftWare\maven-repository\org\springframework\boot\spring-boot-test-autoconfigure\2.1.6.RELEASE\spring-boot-test-autoconfigure-2.1.6.RELEASE.jar;E:\program_Tool\Apache_SoftWare\maven-repository\com\jayway\jsonpath\json-path\2.4.0\json-path-2.4.0.jar;E:\program_Tool\Apache_SoftWare\maven-repository\net\minidev\json-smart\2.3\json-smart-2.3.jar;E:\program_Tool\Apache_SoftWare\maven-repository\net\minidev\accessors-smart\1.2\accessors-smart-1.2.jar;E:\program_Tool\Apache_SoftWare\maven-repository\org\ow2\asm\asm\5.0.4\asm-5.0.4.jar;E:\program_Tool\Apache_SoftWare\maven-repository\org\slf4j\slf4j-api\1.7.26\slf4j-api-1.7.26.jar;E:\program_Tool\Apache_SoftWare\maven-repository\junit\junit\4.12\junit-4.12.jar;E:\program_Tool\Apache_SoftWare\maven-repository\org\assertj\assertj-core\3.11.1\assertj-core-3.11.1.jar;E:\program_Tool\Apache_SoftWare\maven-repository\org\mockito\mockito-core\2.23.4\mockito-core-2.23.4.jar;E:\program_Tool\Apache_SoftWare\maven-repository\net\bytebuddy\byte-buddy\1.9.13\byte-buddy-1.9.13.jar;E:\program_Tool\Apache_SoftWare\maven-repository\net\bytebuddy\byte-buddy-agent\1.9.13\byte-buddy-agent-1.9.13.jar;E:\program_Tool\Apache_SoftWare\maven-repository\org\objenesis\objenesis\2.6\objenesis-2.6.jar;E:\program_Tool\Apache_SoftWare\maven-repository\org\hamcrest\hamcrest-core\1.3\hamcrest-core-1.3.jar;E:\program_Tool\Apache_SoftWare\maven-repository\org\hamcrest\hamcrest-library\1.3\hamcrest-library-1.3.jar;E:\program_Tool\Apache_SoftWare\maven-repository\org\skyscreamer\jsonassert\1.5.0\jsonassert-1.5.0.jar;E:\program_Tool\Apache_SoftWare\maven-repository\com\vaadin\external\google\android-json\0.0.20131108.vaadin1\android-json-0.0.20131108.vaadin1.jar;E:\program_Tool\Apache_SoftWare\maven-repository\org\springframework\spring-core\5.1.8.RELEASE\spring-core-5.1.8.RELEASE.jar;E:\program_Tool\Apache_SoftWare\maven-repository\org\springframework\spring-jcl\5.1.8.RELEASE\spring-jcl-5.1.8.RELEASE.jar;E:\program_Tool\Apache_SoftWare\maven-repository\org\springframework\spring-test\5.1.8.RELEASE\spring-test-5.1.8.RELEASE.jar;E:\program_Tool\Apache_SoftWare\maven-repository\org\xmlunit\xmlunit-core\2.6.2\xmlunit-core-2.6.2.jar;E:\program_Tool\Apache_SoftWare\maven-repository\com\github\pagehelper\pagehelper\5.1.10\pagehelper-5.1.10.jar;E:\program_Tool\Apache_SoftWare\maven-repository\com\github\jsqlparser\jsqlparser\2.0\jsqlparser-2.0.jar;E:\program_Tool\Apache_SoftWare\maven-repository\org\springframework\boot\spring-boot-starter-data-redis\2.1.6.RELEASE\spring-boot-starter-data-redis-2.1.6.RELEASE.jar;E:\program_Tool\Apache_SoftWare\maven-repository\org\springframework\data\spring-data-redis\2.1.9.RELEASE\spring-data-redis-2.1.9.RELEASE.jar;E:\program_Tool\Apache_SoftWare\maven-repository\org\springframework\data\spring-data-keyvalue\2.1.9.RELEASE\spring-data-keyvalue-2.1.9.RELEASE.jar;E:\program_Tool\Apache_SoftWare\maven-repository\org\springframework\data\spring-data-commons\2.1.9.RELEASE\spring-data-commons-2.1.9.RELEASE.jar;E:\program_Tool\Apache_SoftWare\maven-repository\org\springframework\spring-tx\5.1.8.RELEASE\spring-tx-5.1.8.RELEASE.jar;E:\program_Tool\Apache_SoftWare\maven-repository\org\springframework\spring-oxm\5.1.8.RELEASE\spring-oxm-5.1.8.RELEASE.jar;E:\program_Tool\Apache_SoftWare\maven-repository\org\springframework\spring-context-support\5.1.8.RELEASE\spring-context-support-5.1.8.RELEASE.jar;E:\program_Tool\Apache_SoftWare\maven-repository\io\lettuce\lettuce-core\5.1.7.RELEASE\lettuce-core-5.1.7.RELEASE.jar;E:\program_Tool\Apache_SoftWare\maven-repository\io\netty\netty-common\4.1.36.Final\netty-common-4.1.36.Final.jar;E:\program_Tool\Apache_SoftWare\maven-repository\io\netty\netty-handler\4.1.36.Final\netty-handler-4.1.36.Final.jar;E:\program_Tool\Apache_SoftWare\maven-repository\io\netty\netty-buffer\4.1.36.Final\netty-buffer-4.1.36.Final.jar;E:\program_Tool\Apache_SoftWare\maven-repository\io\netty\netty-codec\4.1.36.Final\netty-codec-4.1.36.Final.jar;E:\program_Tool\Apache_SoftWare\maven-repository\io\netty\netty-transport\4.1.36.Final\netty-transport-4.1.36.Final.jar;E:\program_Tool\Apache_SoftWare\maven-repository\io\netty\netty-resolver\4.1.36.Final\netty-resolver-4.1.36.Final.jar;E:\program_Tool\Apache_SoftWare\maven-repository\io\projectreactor\reactor-core\3.2.10.RELEASE\reactor-core-3.2.10.RELEASE.jar;E:\program_Tool\Apache_SoftWare\maven-repository\org\reactivestreams\reactive-streams\1.0.2\reactive-streams-1.0.2.jar;E:\program_Tool\Apache_SoftWare\maven-repository\org\springframework\boot\spring-boot-starter-aop\2.1.6.RELEASE\spring-boot-starter-aop-2.1.6.RELEASE.jar;E:\program_Tool\Apache_SoftWare\maven-repository\org\springframework\spring-aop\5.1.8.RELEASE\spring-aop-5.1.8.RELEASE.jar;E:\program_Tool\Apache_SoftWare\maven-repository\org\aspectj\aspectjweaver\1.9.4\aspectjweaver-1.9.4.jar;E:\program_Tool\Apache_SoftWare\maven-repository\com\revinate\guava-rate-limiter\19.0\guava-rate-limiter-19.0.jar;"/>
    <property name="sun.cpu.endian" value="little"/>
    <property name="user.home" value="C:\Users\DELL"/>
    <property name="user.language" value="zh"/>
    <property name="java.specification.vendor" value="Oracle Corporation"/>
    <property name="java.home" value="E:\jdk\jre"/>
    <property name="basedir" value="E:\program_WorkSpace\big-event"/>
    <property name="file.separator" value="\"/>
    <property name="line.separator" value="&#10;"/>
    <property name="java.vm.specification.vendor" value="Oracle Corporation"/>
    <property name="java.specification.name" value="Java Platform API Specification"/>
    <property name="java.awt.graphicsenv" value="sun.awt.Win32GraphicsEnvironment"/>
    <property name="surefire.real.class.path" value="C:\Users\DELL\AppData\Local\Temp\surefire7527327018454482687\surefirebooter1464063251316934751.jar"/>
    <property name="sun.boot.class.path" value="E:\jdk\jre\lib\resources.jar;E:\jdk\jre\lib\rt.jar;E:\jdk\jre\lib\sunrsasign.jar;E:\jdk\jre\lib\jsse.jar;E:\jdk\jre\lib\jce.jar;E:\jdk\jre\lib\charsets.jar;E:\jdk\jre\lib\jfr.jar;E:\jdk\jre\classes"/>
    <property name="user.script" value=""/>
    <property name="sun.management.compiler" value="HotSpot 64-Bit Tiered Compilers"/>
    <property name="java.runtime.version" value="1.8.0_301-b09"/>
    <property name="user.name" value="DELL"/>
    <property name="path.separator" value=";"/>
    <property name="os.version" value="10.0"/>
    <property name="java.endorsed.dirs" value="E:\jdk\jre\lib\endorsed"/>
    <property name="java.runtime.name" value="Java(TM) SE Runtime Environment"/>
    <property name="file.encoding" value="GBK"/>
    <property name="java.vm.name" value="Java HotSpot(TM) 64-Bit Server VM"/>
    <property name="localRepository" value="E:\program_Tool\Apache_SoftWare\maven-repository"/>
    <property name="java.vendor.url.bug" value="http://bugreport.sun.com/bugreport/"/>
    <property name="java.io.tmpdir" value="C:\Users\DELL\AppData\Local\Temp\"/>
    <property name="idea.version" value="2023.2.3"/>
    <property name="java.version" value="1.8.0_301"/>
    <property name="user.dir" value="E:\program_WorkSpace\big-event"/>
    <property name="os.arch" value="amd64"/>
    <property name="java.vm.specification.name" value="Java Virtual Machine Specification"/>
    <property name="java.awt.printerjob" value="sun.awt.windows.WPrinterJob"/>
    <property name="sun.os.patch.level" value=""/>
    <property name="java.library.path" value="E:\jdk\jre\bin;C:\WINDOWS\Sun\Java\bin;C:\WINDOWS\system32;C:\WINDOWS;C:\Python312\Scripts\;C:\Python312\;E:\program_Tool\VMWare\VMWare\bin\;C:\Program Files (x86)\Common Files\Oracle\Java\javapath;C:\WINDOWS\system32;C:\WINDOWS;C:\WINDOWS\System32\Wbem;C:\WINDOWS\System32\WindowsPowerShell\v1.0\;C:\WINDOWS\System32\OpenSSH\;E:\program_Tool\VUE\node_modules;E:\program_Tool\MySQL;E:\program_Tool\MySQL\bin;E:\jdk\bin;E:\program_Tool\Apache_SoftWare\apache-maven-3.6.3\bin;C:\ProgramData\chocolatey\bin;E:\program_Tool\VUE\;E:\agree_company\SVN\bin;E:\program_Tool\MQ\erl-24.2;C:\Users\DELL\AppData\Local\Microsoft\WindowsApps;E:\program_Tool\Microsoft VS Code\bin;E:\program_Tool\VUE\node_global;;C:\Users\DELL\AppData\Local\Programs\Microsoft VS Code\bin;C:\Users\DELL\AppData\Roaming\npm;."/>
    <property name="java.vm.info" value="mixed mode"/>
    <property name="java.vendor" value="Oracle Corporation"/>
    <property name="java.vm.version" value="25.301-b09"/>
    <property name="java.ext.dirs" value="E:\jdk\jre\lib\ext;C:\WINDOWS\Sun\Java\lib\ext"/>
    <property name="sun.io.unicode.encoding" value="UnicodeLittle"/>
    <property name="maven.repo.local" value="E:\program_Tool\Apache_SoftWare\maven-repository"/>
    <property name="java.class.version" value="52.0"/>
  </properties>
  <testcase name="testThreadLocalSetAndGet" classname="com.wzf.ThreadLocalTest" time="0"/>
</testsuite>