<?xml version="1.0" encoding="UTF-8"?>
<testsuite xmlns:xsi="http://www.w3.org/2001/XMLSchema-instance" xsi:noNamespaceSchemaLocation="https://maven.apache.org/surefire/maven-surefire-plugin/xsd/surefire-test-report.xsd" name="com.wzf.RedisTest" time="25.878" tests="2" errors="2" skipped="0" failures="0">
  <properties>
    <property name="sun.desktop" value="windows"/>
    <property name="awt.toolkit" value="sun.awt.windows.WToolkit"/>
    <property name="file.encoding.pkg" value="sun.io"/>
    <property name="java.specification.version" value="1.8"/>
    <property name="sun.cpu.isalist" value="amd64"/>
    <property name="sun.jnu.encoding" value="GBK"/>
    <property name="java.class.path" value="E:\program_WorkSpace\big-event\target\test-classes;E:\program_WorkSpace\big-event\target\classes;E:\program_Tool\Apache_SoftWare\maven-repository\org\springframework\boot\spring-boot-starter-web\2.1.6.RELEASE\spring-boot-starter-web-2.1.6.RELEASE.jar;E:\program_Tool\Apache_SoftWare\maven-repository\org\springframework\boot\spring-boot-starter\2.1.6.RELEASE\spring-boot-starter-2.1.6.RELEASE.jar;E:\program_Tool\Apache_SoftWare\maven-repository\org\springframework\boot\spring-boot\2.1.6.RELEASE\spring-boot-2.1.6.RELEASE.jar;E:\program_Tool\Apache_SoftWare\maven-repository\org\springframework\boot\spring-boot-autoconfigure\2.1.6.RELEASE\spring-boot-autoconfigure-2.1.6.RELEASE.jar;E:\program_Tool\Apache_SoftWare\maven-repository\org\springframework\boot\spring-boot-starter-logging\2.1.6.RELEASE\spring-boot-starter-logging-2.1.6.RELEASE.jar;E:\program_Tool\Apache_SoftWare\maven-repository\org\apache\logging\log4j\log4j-to-slf4j\2.11.2\log4j-to-slf4j-2.11.2.jar;E:\program_Tool\Apache_SoftWare\maven-repository\org\apache\logging\log4j\log4j-api\2.11.2\log4j-api-2.11.2.jar;E:\program_Tool\Apache_SoftWare\maven-repository\org\slf4j\jul-to-slf4j\1.7.26\jul-to-slf4j-1.7.26.jar;E:\program_Tool\Apache_SoftWare\maven-repository\javax\annotation\javax.annotation-api\1.3.2\javax.annotation-api-1.3.2.jar;E:\program_Tool\Apache_SoftWare\maven-repository\org\yaml\snakeyaml\1.23\snakeyaml-1.23.jar;E:\program_Tool\Apache_SoftWare\maven-repository\org\springframework\boot\spring-boot-starter-json\2.1.6.RELEASE\spring-boot-starter-json-2.1.6.RELEASE.jar;E:\program_Tool\Apache_SoftWare\maven-repository\com\fasterxml\jackson\datatype\jackson-datatype-jdk8\2.9.9\jackson-datatype-jdk8-2.9.9.jar;E:\program_Tool\Apache_SoftWare\maven-repository\com\fasterxml\jackson\datatype\jackson-datatype-jsr310\2.9.9\jackson-datatype-jsr310-2.9.9.jar;E:\program_Tool\Apache_SoftWare\maven-repository\com\fasterxml\jackson\module\jackson-module-parameter-names\2.9.9\jackson-module-parameter-names-2.9.9.jar;E:\program_Tool\Apache_SoftWare\maven-repository\org\springframework\boot\spring-boot-starter-tomcat\2.1.6.RELEASE\spring-boot-starter-tomcat-2.1.6.RELEASE.jar;E:\program_Tool\Apache_SoftWare\maven-repository\org\apache\tomcat\embed\tomcat-embed-core\9.0.21\tomcat-embed-core-9.0.21.jar;E:\program_Tool\Apache_SoftWare\maven-repository\org\apache\tomcat\embed\tomcat-embed-websocket\9.0.21\tomcat-embed-websocket-9.0.21.jar;E:\program_Tool\Apache_SoftWare\maven-repository\org\hibernate\validator\hibernate-validator\6.0.17.Final\hibernate-validator-6.0.17.Final.jar;E:\program_Tool\Apache_SoftWare\maven-repository\javax\validation\validation-api\2.0.1.Final\validation-api-2.0.1.Final.jar;E:\program_Tool\Apache_SoftWare\maven-repository\org\jboss\logging\jboss-logging\3.3.2.Final\jboss-logging-3.3.2.Final.jar;E:\program_Tool\Apache_SoftWare\maven-repository\com\fasterxml\classmate\1.4.0\classmate-1.4.0.jar;E:\program_Tool\Apache_SoftWare\maven-repository\org\springframework\spring-web\5.1.8.RELEASE\spring-web-5.1.8.RELEASE.jar;E:\program_Tool\Apache_SoftWare\maven-repository\org\springframework\spring-beans\5.1.8.RELEASE\spring-beans-5.1.8.RELEASE.jar;E:\program_Tool\Apache_SoftWare\maven-repository\org\springframework\spring-webmvc\5.1.8.RELEASE\spring-webmvc-5.1.8.RELEASE.jar;E:\program_Tool\Apache_SoftWare\maven-repository\org\springframework\spring-context\5.1.8.RELEASE\spring-context-5.1.8.RELEASE.jar;E:\program_Tool\Apache_SoftWare\maven-repository\org\springframework\spring-expression\5.1.8.RELEASE\spring-expression-5.1.8.RELEASE.jar;E:\program_Tool\Apache_SoftWare\maven-repository\org\mybatis\spring\boot\mybatis-spring-boot-starter\2.1.1\mybatis-spring-boot-starter-2.1.1.jar;E:\program_Tool\Apache_SoftWare\maven-repository\org\springframework\boot\spring-boot-starter-jdbc\2.1.6.RELEASE\spring-boot-starter-jdbc-2.1.6.RELEASE.jar;E:\program_Tool\Apache_SoftWare\maven-repository\com\zaxxer\HikariCP\3.2.0\HikariCP-3.2.0.jar;E:\program_Tool\Apache_SoftWare\maven-repository\org\springframework\spring-jdbc\5.1.8.RELEASE\spring-jdbc-5.1.8.RELEASE.jar;E:\program_Tool\Apache_SoftWare\maven-repository\org\mybatis\spring\boot\mybatis-spring-boot-autoconfigure\2.1.1\mybatis-spring-boot-autoconfigure-2.1.1.jar;E:\program_Tool\Apache_SoftWare\maven-repository\org\mybatis\mybatis\3.5.3\mybatis-3.5.3.jar;E:\program_Tool\Apache_SoftWare\maven-repository\org\mybatis\mybatis-spring\2.0.3\mybatis-spring-2.0.3.jar;E:\program_Tool\Apache_SoftWare\maven-repository\mysql\mysql-connector-java\8.0.16\mysql-connector-java-8.0.16.jar;E:\program_Tool\Apache_SoftWare\maven-repository\org\projectlombok\lombok\1.18.8\lombok-1.18.8.jar;E:\program_Tool\Apache_SoftWare\maven-repository\org\springframework\boot\spring-boot-starter-validation\2.1.6.RELEASE\spring-boot-starter-validation-2.1.6.RELEASE.jar;E:\program_Tool\Apache_SoftWare\maven-repository\org\apache\tomcat\embed\tomcat-embed-el\9.0.21\tomcat-embed-el-9.0.21.jar;E:\program_Tool\Apache_SoftWare\maven-repository\com\auth0\java-jwt\4.2.1\java-jwt-4.2.1.jar;E:\program_Tool\Apache_SoftWare\maven-repository\com\fasterxml\jackson\core\jackson-databind\2.9.9\jackson-databind-2.9.9.jar;E:\program_Tool\Apache_SoftWare\maven-repository\com\fasterxml\jackson\core\jackson-annotations\2.9.0\jackson-annotations-2.9.0.jar;E:\program_Tool\Apache_SoftWare\maven-repository\com\fasterxml\jackson\core\jackson-core\2.9.9\jackson-core-2.9.9.jar;E:\program_Tool\Apache_SoftWare\maven-repository\org\springframework\boot\spring-boot-starter-test\2.1.6.RELEASE\spring-boot-starter-test-2.1.6.RELEASE.jar;E:\program_Tool\Apache_SoftWare\maven-repository\org\springframework\boot\spring-boot-test\2.1.6.RELEASE\spring-boot-test-2.1.6.RELEASE.jar;E:\program_Tool\Apache_SoftWare\maven-repository\org\springframework\boot\spring-boot-test-autoconfigure\2.1.6.RELEASE\spring-boot-test-autoconfigure-2.1.6.RELEASE.jar;E:\program_Tool\Apache_SoftWare\maven-repository\com\jayway\jsonpath\json-path\2.4.0\json-path-2.4.0.jar;E:\program_Tool\Apache_SoftWare\maven-repository\net\minidev\json-smart\2.3\json-smart-2.3.jar;E:\program_Tool\Apache_SoftWare\maven-repository\net\minidev\accessors-smart\1.2\accessors-smart-1.2.jar;E:\program_Tool\Apache_SoftWare\maven-repository\org\ow2\asm\asm\5.0.4\asm-5.0.4.jar;E:\program_Tool\Apache_SoftWare\maven-repository\junit\junit\4.12\junit-4.12.jar;E:\program_Tool\Apache_SoftWare\maven-repository\org\assertj\assertj-core\3.11.1\assertj-core-3.11.1.jar;E:\program_Tool\Apache_SoftWare\maven-repository\org\mockito\mockito-core\2.23.4\mockito-core-2.23.4.jar;E:\program_Tool\Apache_SoftWare\maven-repository\net\bytebuddy\byte-buddy\1.9.13\byte-buddy-1.9.13.jar;E:\program_Tool\Apache_SoftWare\maven-repository\net\bytebuddy\byte-buddy-agent\1.9.13\byte-buddy-agent-1.9.13.jar;E:\program_Tool\Apache_SoftWare\maven-repository\org\objenesis\objenesis\2.6\objenesis-2.6.jar;E:\program_Tool\Apache_SoftWare\maven-repository\org\hamcrest\hamcrest-core\1.3\hamcrest-core-1.3.jar;E:\program_Tool\Apache_SoftWare\maven-repository\org\hamcrest\hamcrest-library\1.3\hamcrest-library-1.3.jar;E:\program_Tool\Apache_SoftWare\maven-repository\org\skyscreamer\jsonassert\1.5.0\jsonassert-1.5.0.jar;E:\program_Tool\Apache_SoftWare\maven-repository\com\vaadin\external\google\android-json\0.0.20131108.vaadin1\android-json-0.0.20131108.vaadin1.jar;E:\program_Tool\Apache_SoftWare\maven-repository\org\springframework\spring-core\5.1.8.RELEASE\spring-core-5.1.8.RELEASE.jar;E:\program_Tool\Apache_SoftWare\maven-repository\org\springframework\spring-jcl\5.1.8.RELEASE\spring-jcl-5.1.8.RELEASE.jar;E:\program_Tool\Apache_SoftWare\maven-repository\org\springframework\spring-test\5.1.8.RELEASE\spring-test-5.1.8.RELEASE.jar;E:\program_Tool\Apache_SoftWare\maven-repository\org\xmlunit\xmlunit-core\2.6.2\xmlunit-core-2.6.2.jar;E:\program_Tool\Apache_SoftWare\maven-repository\com\github\pagehelper\pagehelper\5.1.10\pagehelper-5.1.10.jar;E:\program_Tool\Apache_SoftWare\maven-repository\com\github\jsqlparser\jsqlparser\2.0\jsqlparser-2.0.jar;E:\program_Tool\Apache_SoftWare\maven-repository\org\springframework\boot\spring-boot-starter-data-redis\2.1.6.RELEASE\spring-boot-starter-data-redis-2.1.6.RELEASE.jar;E:\program_Tool\Apache_SoftWare\maven-repository\org\springframework\data\spring-data-redis\2.1.9.RELEASE\spring-data-redis-2.1.9.RELEASE.jar;E:\program_Tool\Apache_SoftWare\maven-repository\org\springframework\data\spring-data-keyvalue\2.1.9.RELEASE\spring-data-keyvalue-2.1.9.RELEASE.jar;E:\program_Tool\Apache_SoftWare\maven-repository\org\springframework\data\spring-data-commons\2.1.9.RELEASE\spring-data-commons-2.1.9.RELEASE.jar;E:\program_Tool\Apache_SoftWare\maven-repository\org\springframework\spring-tx\5.1.8.RELEASE\spring-tx-5.1.8.RELEASE.jar;E:\program_Tool\Apache_SoftWare\maven-repository\org\springframework\spring-oxm\5.1.8.RELEASE\spring-oxm-5.1.8.RELEASE.jar;E:\program_Tool\Apache_SoftWare\maven-repository\org\springframework\spring-context-support\5.1.8.RELEASE\spring-context-support-5.1.8.RELEASE.jar;E:\program_Tool\Apache_SoftWare\maven-repository\io\lettuce\lettuce-core\5.1.7.RELEASE\lettuce-core-5.1.7.RELEASE.jar;E:\program_Tool\Apache_SoftWare\maven-repository\io\netty\netty-common\4.1.36.Final\netty-common-4.1.36.Final.jar;E:\program_Tool\Apache_SoftWare\maven-repository\io\netty\netty-handler\4.1.36.Final\netty-handler-4.1.36.Final.jar;E:\program_Tool\Apache_SoftWare\maven-repository\io\netty\netty-buffer\4.1.36.Final\netty-buffer-4.1.36.Final.jar;E:\program_Tool\Apache_SoftWare\maven-repository\io\netty\netty-codec\4.1.36.Final\netty-codec-4.1.36.Final.jar;E:\program_Tool\Apache_SoftWare\maven-repository\io\netty\netty-transport\4.1.36.Final\netty-transport-4.1.36.Final.jar;E:\program_Tool\Apache_SoftWare\maven-repository\io\netty\netty-resolver\4.1.36.Final\netty-resolver-4.1.36.Final.jar;E:\program_Tool\Apache_SoftWare\maven-repository\io\projectreactor\reactor-core\3.2.10.RELEASE\reactor-core-3.2.10.RELEASE.jar;E:\program_Tool\Apache_SoftWare\maven-repository\org\reactivestreams\reactive-streams\1.0.2\reactive-streams-1.0.2.jar;E:\program_Tool\Apache_SoftWare\maven-repository\org\springframework\boot\spring-boot-starter-aop\2.1.6.RELEASE\spring-boot-starter-aop-2.1.6.RELEASE.jar;E:\program_Tool\Apache_SoftWare\maven-repository\org\springframework\spring-aop\5.1.8.RELEASE\spring-aop-5.1.8.RELEASE.jar;E:\program_Tool\Apache_SoftWare\maven-repository\org\aspectj\aspectjweaver\1.9.4\aspectjweaver-1.9.4.jar;E:\program_Tool\Apache_SoftWare\maven-repository\com\revinate\guava-rate-limiter\19.0\guava-rate-limiter-19.0.jar;E:\program_Tool\Apache_SoftWare\maven-repository\ch\qos\logback\logback-core\1.2.3\logback-core-1.2.3.jar;E:\program_Tool\Apache_SoftWare\maven-repository\ch\qos\logback\logback-classic\1.2.3\logback-classic-1.2.3.jar;E:\program_Tool\Apache_SoftWare\maven-repository\org\slf4j\slf4j-api\1.7.26\slf4j-api-1.7.26.jar;E:\program_Tool\Apache_SoftWare\maven-repository\ch\qos\logback\logback-access\1.2.3\logback-access-1.2.3.jar;E:\program_Tool\Apache_SoftWare\maven-repository\net\logstash\logback\logstash-logback-encoder\5.1\logstash-logback-encoder-5.1.jar;E:\program_Tool\Apache_SoftWare\maven-repository\com\xuxueli\xxl-job-core\2.2.0\xxl-job-core-2.2.0.jar;E:\program_Tool\Apache_SoftWare\maven-repository\io\netty\netty-all\4.1.36.Final\netty-all-4.1.36.Final.jar;E:\program_Tool\Apache_SoftWare\maven-repository\com\google\code\gson\gson\2.8.5\gson-2.8.5.jar;E:\program_Tool\Apache_SoftWare\maven-repository\org\codehaus\groovy\groovy\2.5.7\groovy-2.5.7.jar;"/>
    <property name="java.vm.vendor" value="Oracle Corporation"/>
    <property name="sun.arch.data.model" value="64"/>
    <property name="user.variant" value=""/>
    <property name="java.vendor.url" value="http://java.oracle.com/"/>
    <property name="user.timezone" value="Asia/Shanghai"/>
    <property name="java.vm.specification.version" value="1.8"/>
    <property name="os.name" value="Windows 10"/>
    <property name="user.country" value="CN"/>
    <property name="sun.java.launcher" value="SUN_STANDARD"/>
    <property name="sun.boot.library.path" value="E:\jdk\jre\bin"/>
    <property name="sun.java.command" value="C:\Users\DELL\AppData\Local\Temp\surefire1189091789654814066\surefirebooter1931166301462557662.jar C:\Users\DELL\AppData\Local\Temp\surefire1189091789654814066 2024-12-09T17-53-43_542-jvmRun1 surefire3985929688273917348tmp surefire_02049996309585674411tmp"/>
    <property name="surefire.test.class.path" value="E:\program_WorkSpace\big-event\target\test-classes;E:\program_WorkSpace\big-event\target\classes;E:\program_Tool\Apache_SoftWare\maven-repository\org\springframework\boot\spring-boot-starter-web\2.1.6.RELEASE\spring-boot-starter-web-2.1.6.RELEASE.jar;E:\program_Tool\Apache_SoftWare\maven-repository\org\springframework\boot\spring-boot-starter\2.1.6.RELEASE\spring-boot-starter-2.1.6.RELEASE.jar;E:\program_Tool\Apache_SoftWare\maven-repository\org\springframework\boot\spring-boot\2.1.6.RELEASE\spring-boot-2.1.6.RELEASE.jar;E:\program_Tool\Apache_SoftWare\maven-repository\org\springframework\boot\spring-boot-autoconfigure\2.1.6.RELEASE\spring-boot-autoconfigure-2.1.6.RELEASE.jar;E:\program_Tool\Apache_SoftWare\maven-repository\org\springframework\boot\spring-boot-starter-logging\2.1.6.RELEASE\spring-boot-starter-logging-2.1.6.RELEASE.jar;E:\program_Tool\Apache_SoftWare\maven-repository\org\apache\logging\log4j\log4j-to-slf4j\2.11.2\log4j-to-slf4j-2.11.2.jar;E:\program_Tool\Apache_SoftWare\maven-repository\org\apache\logging\log4j\log4j-api\2.11.2\log4j-api-2.11.2.jar;E:\program_Tool\Apache_SoftWare\maven-repository\org\slf4j\jul-to-slf4j\1.7.26\jul-to-slf4j-1.7.26.jar;E:\program_Tool\Apache_SoftWare\maven-repository\javax\annotation\javax.annotation-api\1.3.2\javax.annotation-api-1.3.2.jar;E:\program_Tool\Apache_SoftWare\maven-repository\org\yaml\snakeyaml\1.23\snakeyaml-1.23.jar;E:\program_Tool\Apache_SoftWare\maven-repository\org\springframework\boot\spring-boot-starter-json\2.1.6.RELEASE\spring-boot-starter-json-2.1.6.RELEASE.jar;E:\program_Tool\Apache_SoftWare\maven-repository\com\fasterxml\jackson\datatype\jackson-datatype-jdk8\2.9.9\jackson-datatype-jdk8-2.9.9.jar;E:\program_Tool\Apache_SoftWare\maven-repository\com\fasterxml\jackson\datatype\jackson-datatype-jsr310\2.9.9\jackson-datatype-jsr310-2.9.9.jar;E:\program_Tool\Apache_SoftWare\maven-repository\com\fasterxml\jackson\module\jackson-module-parameter-names\2.9.9\jackson-module-parameter-names-2.9.9.jar;E:\program_Tool\Apache_SoftWare\maven-repository\org\springframework\boot\spring-boot-starter-tomcat\2.1.6.RELEASE\spring-boot-starter-tomcat-2.1.6.RELEASE.jar;E:\program_Tool\Apache_SoftWare\maven-repository\org\apache\tomcat\embed\tomcat-embed-core\9.0.21\tomcat-embed-core-9.0.21.jar;E:\program_Tool\Apache_SoftWare\maven-repository\org\apache\tomcat\embed\tomcat-embed-websocket\9.0.21\tomcat-embed-websocket-9.0.21.jar;E:\program_Tool\Apache_SoftWare\maven-repository\org\hibernate\validator\hibernate-validator\6.0.17.Final\hibernate-validator-6.0.17.Final.jar;E:\program_Tool\Apache_SoftWare\maven-repository\javax\validation\validation-api\2.0.1.Final\validation-api-2.0.1.Final.jar;E:\program_Tool\Apache_SoftWare\maven-repository\org\jboss\logging\jboss-logging\3.3.2.Final\jboss-logging-3.3.2.Final.jar;E:\program_Tool\Apache_SoftWare\maven-repository\com\fasterxml\classmate\1.4.0\classmate-1.4.0.jar;E:\program_Tool\Apache_SoftWare\maven-repository\org\springframework\spring-web\5.1.8.RELEASE\spring-web-5.1.8.RELEASE.jar;E:\program_Tool\Apache_SoftWare\maven-repository\org\springframework\spring-beans\5.1.8.RELEASE\spring-beans-5.1.8.RELEASE.jar;E:\program_Tool\Apache_SoftWare\maven-repository\org\springframework\spring-webmvc\5.1.8.RELEASE\spring-webmvc-5.1.8.RELEASE.jar;E:\program_Tool\Apache_SoftWare\maven-repository\org\springframework\spring-context\5.1.8.RELEASE\spring-context-5.1.8.RELEASE.jar;E:\program_Tool\Apache_SoftWare\maven-repository\org\springframework\spring-expression\5.1.8.RELEASE\spring-expression-5.1.8.RELEASE.jar;E:\program_Tool\Apache_SoftWare\maven-repository\org\mybatis\spring\boot\mybatis-spring-boot-starter\2.1.1\mybatis-spring-boot-starter-2.1.1.jar;E:\program_Tool\Apache_SoftWare\maven-repository\org\springframework\boot\spring-boot-starter-jdbc\2.1.6.RELEASE\spring-boot-starter-jdbc-2.1.6.RELEASE.jar;E:\program_Tool\Apache_SoftWare\maven-repository\com\zaxxer\HikariCP\3.2.0\HikariCP-3.2.0.jar;E:\program_Tool\Apache_SoftWare\maven-repository\org\springframework\spring-jdbc\5.1.8.RELEASE\spring-jdbc-5.1.8.RELEASE.jar;E:\program_Tool\Apache_SoftWare\maven-repository\org\mybatis\spring\boot\mybatis-spring-boot-autoconfigure\2.1.1\mybatis-spring-boot-autoconfigure-2.1.1.jar;E:\program_Tool\Apache_SoftWare\maven-repository\org\mybatis\mybatis\3.5.3\mybatis-3.5.3.jar;E:\program_Tool\Apache_SoftWare\maven-repository\org\mybatis\mybatis-spring\2.0.3\mybatis-spring-2.0.3.jar;E:\program_Tool\Apache_SoftWare\maven-repository\mysql\mysql-connector-java\8.0.16\mysql-connector-java-8.0.16.jar;E:\program_Tool\Apache_SoftWare\maven-repository\org\projectlombok\lombok\1.18.8\lombok-1.18.8.jar;E:\program_Tool\Apache_SoftWare\maven-repository\org\springframework\boot\spring-boot-starter-validation\2.1.6.RELEASE\spring-boot-starter-validation-2.1.6.RELEASE.jar;E:\program_Tool\Apache_SoftWare\maven-repository\org\apache\tomcat\embed\tomcat-embed-el\9.0.21\tomcat-embed-el-9.0.21.jar;E:\program_Tool\Apache_SoftWare\maven-repository\com\auth0\java-jwt\4.2.1\java-jwt-4.2.1.jar;E:\program_Tool\Apache_SoftWare\maven-repository\com\fasterxml\jackson\core\jackson-databind\2.9.9\jackson-databind-2.9.9.jar;E:\program_Tool\Apache_SoftWare\maven-repository\com\fasterxml\jackson\core\jackson-annotations\2.9.0\jackson-annotations-2.9.0.jar;E:\program_Tool\Apache_SoftWare\maven-repository\com\fasterxml\jackson\core\jackson-core\2.9.9\jackson-core-2.9.9.jar;E:\program_Tool\Apache_SoftWare\maven-repository\org\springframework\boot\spring-boot-starter-test\2.1.6.RELEASE\spring-boot-starter-test-2.1.6.RELEASE.jar;E:\program_Tool\Apache_SoftWare\maven-repository\org\springframework\boot\spring-boot-test\2.1.6.RELEASE\spring-boot-test-2.1.6.RELEASE.jar;E:\program_Tool\Apache_SoftWare\maven-repository\org\springframework\boot\spring-boot-test-autoconfigure\2.1.6.RELEASE\spring-boot-test-autoconfigure-2.1.6.RELEASE.jar;E:\program_Tool\Apache_SoftWare\maven-repository\com\jayway\jsonpath\json-path\2.4.0\json-path-2.4.0.jar;E:\program_Tool\Apache_SoftWare\maven-repository\net\minidev\json-smart\2.3\json-smart-2.3.jar;E:\program_Tool\Apache_SoftWare\maven-repository\net\minidev\accessors-smart\1.2\accessors-smart-1.2.jar;E:\program_Tool\Apache_SoftWare\maven-repository\org\ow2\asm\asm\5.0.4\asm-5.0.4.jar;E:\program_Tool\Apache_SoftWare\maven-repository\junit\junit\4.12\junit-4.12.jar;E:\program_Tool\Apache_SoftWare\maven-repository\org\assertj\assertj-core\3.11.1\assertj-core-3.11.1.jar;E:\program_Tool\Apache_SoftWare\maven-repository\org\mockito\mockito-core\2.23.4\mockito-core-2.23.4.jar;E:\program_Tool\Apache_SoftWare\maven-repository\net\bytebuddy\byte-buddy\1.9.13\byte-buddy-1.9.13.jar;E:\program_Tool\Apache_SoftWare\maven-repository\net\bytebuddy\byte-buddy-agent\1.9.13\byte-buddy-agent-1.9.13.jar;E:\program_Tool\Apache_SoftWare\maven-repository\org\objenesis\objenesis\2.6\objenesis-2.6.jar;E:\program_Tool\Apache_SoftWare\maven-repository\org\hamcrest\hamcrest-core\1.3\hamcrest-core-1.3.jar;E:\program_Tool\Apache_SoftWare\maven-repository\org\hamcrest\hamcrest-library\1.3\hamcrest-library-1.3.jar;E:\program_Tool\Apache_SoftWare\maven-repository\org\skyscreamer\jsonassert\1.5.0\jsonassert-1.5.0.jar;E:\program_Tool\Apache_SoftWare\maven-repository\com\vaadin\external\google\android-json\0.0.20131108.vaadin1\android-json-0.0.20131108.vaadin1.jar;E:\program_Tool\Apache_SoftWare\maven-repository\org\springframework\spring-core\5.1.8.RELEASE\spring-core-5.1.8.RELEASE.jar;E:\program_Tool\Apache_SoftWare\maven-repository\org\springframework\spring-jcl\5.1.8.RELEASE\spring-jcl-5.1.8.RELEASE.jar;E:\program_Tool\Apache_SoftWare\maven-repository\org\springframework\spring-test\5.1.8.RELEASE\spring-test-5.1.8.RELEASE.jar;E:\program_Tool\Apache_SoftWare\maven-repository\org\xmlunit\xmlunit-core\2.6.2\xmlunit-core-2.6.2.jar;E:\program_Tool\Apache_SoftWare\maven-repository\com\github\pagehelper\pagehelper\5.1.10\pagehelper-5.1.10.jar;E:\program_Tool\Apache_SoftWare\maven-repository\com\github\jsqlparser\jsqlparser\2.0\jsqlparser-2.0.jar;E:\program_Tool\Apache_SoftWare\maven-repository\org\springframework\boot\spring-boot-starter-data-redis\2.1.6.RELEASE\spring-boot-starter-data-redis-2.1.6.RELEASE.jar;E:\program_Tool\Apache_SoftWare\maven-repository\org\springframework\data\spring-data-redis\2.1.9.RELEASE\spring-data-redis-2.1.9.RELEASE.jar;E:\program_Tool\Apache_SoftWare\maven-repository\org\springframework\data\spring-data-keyvalue\2.1.9.RELEASE\spring-data-keyvalue-2.1.9.RELEASE.jar;E:\program_Tool\Apache_SoftWare\maven-repository\org\springframework\data\spring-data-commons\2.1.9.RELEASE\spring-data-commons-2.1.9.RELEASE.jar;E:\program_Tool\Apache_SoftWare\maven-repository\org\springframework\spring-tx\5.1.8.RELEASE\spring-tx-5.1.8.RELEASE.jar;E:\program_Tool\Apache_SoftWare\maven-repository\org\springframework\spring-oxm\5.1.8.RELEASE\spring-oxm-5.1.8.RELEASE.jar;E:\program_Tool\Apache_SoftWare\maven-repository\org\springframework\spring-context-support\5.1.8.RELEASE\spring-context-support-5.1.8.RELEASE.jar;E:\program_Tool\Apache_SoftWare\maven-repository\io\lettuce\lettuce-core\5.1.7.RELEASE\lettuce-core-5.1.7.RELEASE.jar;E:\program_Tool\Apache_SoftWare\maven-repository\io\netty\netty-common\4.1.36.Final\netty-common-4.1.36.Final.jar;E:\program_Tool\Apache_SoftWare\maven-repository\io\netty\netty-handler\4.1.36.Final\netty-handler-4.1.36.Final.jar;E:\program_Tool\Apache_SoftWare\maven-repository\io\netty\netty-buffer\4.1.36.Final\netty-buffer-4.1.36.Final.jar;E:\program_Tool\Apache_SoftWare\maven-repository\io\netty\netty-codec\4.1.36.Final\netty-codec-4.1.36.Final.jar;E:\program_Tool\Apache_SoftWare\maven-repository\io\netty\netty-transport\4.1.36.Final\netty-transport-4.1.36.Final.jar;E:\program_Tool\Apache_SoftWare\maven-repository\io\netty\netty-resolver\4.1.36.Final\netty-resolver-4.1.36.Final.jar;E:\program_Tool\Apache_SoftWare\maven-repository\io\projectreactor\reactor-core\3.2.10.RELEASE\reactor-core-3.2.10.RELEASE.jar;E:\program_Tool\Apache_SoftWare\maven-repository\org\reactivestreams\reactive-streams\1.0.2\reactive-streams-1.0.2.jar;E:\program_Tool\Apache_SoftWare\maven-repository\org\springframework\boot\spring-boot-starter-aop\2.1.6.RELEASE\spring-boot-starter-aop-2.1.6.RELEASE.jar;E:\program_Tool\Apache_SoftWare\maven-repository\org\springframework\spring-aop\5.1.8.RELEASE\spring-aop-5.1.8.RELEASE.jar;E:\program_Tool\Apache_SoftWare\maven-repository\org\aspectj\aspectjweaver\1.9.4\aspectjweaver-1.9.4.jar;E:\program_Tool\Apache_SoftWare\maven-repository\com\revinate\guava-rate-limiter\19.0\guava-rate-limiter-19.0.jar;E:\program_Tool\Apache_SoftWare\maven-repository\ch\qos\logback\logback-core\1.2.3\logback-core-1.2.3.jar;E:\program_Tool\Apache_SoftWare\maven-repository\ch\qos\logback\logback-classic\1.2.3\logback-classic-1.2.3.jar;E:\program_Tool\Apache_SoftWare\maven-repository\org\slf4j\slf4j-api\1.7.26\slf4j-api-1.7.26.jar;E:\program_Tool\Apache_SoftWare\maven-repository\ch\qos\logback\logback-access\1.2.3\logback-access-1.2.3.jar;E:\program_Tool\Apache_SoftWare\maven-repository\net\logstash\logback\logstash-logback-encoder\5.1\logstash-logback-encoder-5.1.jar;E:\program_Tool\Apache_SoftWare\maven-repository\com\xuxueli\xxl-job-core\2.2.0\xxl-job-core-2.2.0.jar;E:\program_Tool\Apache_SoftWare\maven-repository\io\netty\netty-all\4.1.36.Final\netty-all-4.1.36.Final.jar;E:\program_Tool\Apache_SoftWare\maven-repository\com\google\code\gson\gson\2.8.5\gson-2.8.5.jar;E:\program_Tool\Apache_SoftWare\maven-repository\org\codehaus\groovy\groovy\2.5.7\groovy-2.5.7.jar;"/>
    <property name="sun.cpu.endian" value="little"/>
    <property name="user.home" value="C:\Users\DELL"/>
    <property name="user.language" value="zh"/>
    <property name="java.specification.vendor" value="Oracle Corporation"/>
    <property name="java.home" value="E:\jdk\jre"/>
    <property name="basedir" value="E:\program_WorkSpace\big-event"/>
    <property name="file.separator" value="\"/>
    <property name="line.separator" value="&#10;"/>
    <property name="java.vm.specification.vendor" value="Oracle Corporation"/>
    <property name="java.specification.name" value="Java Platform API Specification"/>
    <property name="java.awt.graphicsenv" value="sun.awt.Win32GraphicsEnvironment"/>
    <property name="surefire.real.class.path" value="C:\Users\DELL\AppData\Local\Temp\surefire1189091789654814066\surefirebooter1931166301462557662.jar"/>
    <property name="sun.boot.class.path" value="E:\jdk\jre\lib\resources.jar;E:\jdk\jre\lib\rt.jar;E:\jdk\jre\lib\sunrsasign.jar;E:\jdk\jre\lib\jsse.jar;E:\jdk\jre\lib\jce.jar;E:\jdk\jre\lib\charsets.jar;E:\jdk\jre\lib\jfr.jar;E:\jdk\jre\classes"/>
    <property name="user.script" value=""/>
    <property name="sun.management.compiler" value="HotSpot 64-Bit Tiered Compilers"/>
    <property name="java.runtime.version" value="1.8.0_301-b09"/>
    <property name="user.name" value="DELL"/>
    <property name="path.separator" value=";"/>
    <property name="os.version" value="10.0"/>
    <property name="java.endorsed.dirs" value="E:\jdk\jre\lib\endorsed"/>
    <property name="java.runtime.name" value="Java(TM) SE Runtime Environment"/>
    <property name="file.encoding" value="GBK"/>
    <property name="java.vm.name" value="Java HotSpot(TM) 64-Bit Server VM"/>
    <property name="localRepository" value="E:\program_Tool\Apache_SoftWare\maven-repository"/>
    <property name="java.vendor.url.bug" value="http://bugreport.sun.com/bugreport/"/>
    <property name="java.io.tmpdir" value="C:\Users\DELL\AppData\Local\Temp\"/>
    <property name="java.version" value="1.8.0_301"/>
    <property name="user.dir" value="E:\program_WorkSpace\big-event"/>
    <property name="os.arch" value="amd64"/>
    <property name="java.vm.specification.name" value="Java Virtual Machine Specification"/>
    <property name="java.awt.printerjob" value="sun.awt.windows.WPrinterJob"/>
    <property name="sun.os.patch.level" value=""/>
    <property name="java.library.path" value="E:\jdk\jre\bin;C:\WINDOWS\Sun\Java\bin;C:\WINDOWS\system32;C:\WINDOWS;C:\Python312\Scripts\;C:\Python312\;E:\program_Tool\VMWare\VMWare\bin\;C:\Program Files (x86)\Common Files\Oracle\Java\javapath;C:\WINDOWS\system32;C:\WINDOWS;C:\WINDOWS\System32\Wbem;C:\WINDOWS\System32\WindowsPowerShell\v1.0\;C:\WINDOWS\System32\OpenSSH\;E:\program_Tool\VUE\node_modules;E:\program_Tool\MySQL;E:\program_Tool\MySQL\bin;E:\jdk\bin;E:\program_Tool\Apache_SoftWare\apache-maven-3.6.3\bin;C:\ProgramData\chocolatey\bin;E:\program_Tool\VUE\;E:\agree_company\SVN\bin;E:\program_Tool\MQ\erl-24.2;%ROCKETMQ%\bin;E:\program_Tool\VUE\node_modules\npm;E:\新建文件夹\DateBase_view_Client\DBeaver;C:\Users\DELL\AppData\Local\Microsoft\WindowsApps;E:\program_Tool\Microsoft VS Code\bin;E:\program_Tool\VUE\node_global;C:\Users\DELL\AppData\Local\Programs\Microsoft VS Code\bin;C:\Users\DELL\AppData\Roaming\npm;E:\program_Tool\Git\bin;;."/>
    <property name="java.vm.info" value="mixed mode"/>
    <property name="java.vendor" value="Oracle Corporation"/>
    <property name="java.vm.version" value="25.301-b09"/>
    <property name="java.ext.dirs" value="E:\jdk\jre\lib\ext;C:\WINDOWS\Sun\Java\lib\ext"/>
    <property name="sun.io.unicode.encoding" value="UnicodeLittle"/>
    <property name="java.class.version" value="52.0"/>
  </properties>
  <testcase name="testGet" classname="com.wzf.RedisTest" time="16.986">
    <error message="Unable to connect to Redis; nested exception is io.lettuce.core.RedisConnectionException: Unable to connect to localhost:6379" type="org.springframework.data.redis.RedisConnectionFailureException">org.springframework.data.redis.RedisConnectionFailureException: Unable to connect to Redis; nested exception is io.lettuce.core.RedisConnectionException: Unable to connect to localhost:6379
	at com.wzf.RedisTest.testGet(RedisTest.java:31)
Caused by: io.lettuce.core.RedisConnectionException: Unable to connect to localhost:6379
	at com.wzf.RedisTest.testGet(RedisTest.java:31)
Caused by: io.netty.channel.AbstractChannel$AnnotatedConnectException: Connection refused: no further information: localhost/127.0.0.1:6379
Caused by: java.net.ConnectException: Connection refused: no further information
</error>
    <system-out><![CDATA[17:53:47.586 [main] DEBUG org.springframework.test.context.junit4.SpringJUnit4ClassRunner - SpringJUnit4ClassRunner constructor called with [class com.wzf.RedisTest]
17:53:47.590 [main] DEBUG org.springframework.test.context.BootstrapUtils - Instantiating CacheAwareContextLoaderDelegate from class [org.springframework.test.context.cache.DefaultCacheAwareContextLoaderDelegate]
17:53:47.598 [main] DEBUG org.springframework.test.context.BootstrapUtils - Instantiating BootstrapContext using constructor [public org.springframework.test.context.support.DefaultBootstrapContext(java.lang.Class,org.springframework.test.context.CacheAwareContextLoaderDelegate)]
17:53:47.628 [main] DEBUG org.springframework.test.context.BootstrapUtils - Instantiating TestContextBootstrapper for test class [com.wzf.RedisTest] from class [org.springframework.boot.test.context.SpringBootTestContextBootstrapper]
17:53:47.645 [main] INFO org.springframework.boot.test.context.SpringBootTestContextBootstrapper - Neither @ContextConfiguration nor @ContextHierarchy found for test class [com.wzf.RedisTest], using SpringBootContextLoader
17:53:47.648 [main] DEBUG org.springframework.test.context.support.AbstractContextLoader - Did not detect default resource location for test class [com.wzf.RedisTest]: class path resource [com/wzf/RedisTest-context.xml] does not exist
17:53:47.649 [main] DEBUG org.springframework.test.context.support.AbstractContextLoader - Did not detect default resource location for test class [com.wzf.RedisTest]: class path resource [com/wzf/RedisTestContext.groovy] does not exist
17:53:47.649 [main] INFO org.springframework.test.context.support.AbstractContextLoader - Could not detect default resource locations for test class [com.wzf.RedisTest]: no resource found for suffixes {-context.xml, Context.groovy}.
17:53:47.650 [main] INFO org.springframework.test.context.support.AnnotationConfigContextLoaderUtils - Could not detect default configuration classes for test class [com.wzf.RedisTest]: RedisTest does not declare any static, non-private, non-final, nested classes annotated with @Configuration.
17:53:47.712 [main] DEBUG org.springframework.test.context.support.ActiveProfilesUtils - Could not find an 'annotation declaring class' for annotation type [org.springframework.test.context.ActiveProfiles] and class [com.wzf.RedisTest]
17:53:47.808 [main] DEBUG org.springframework.context.annotation.ClassPathScanningCandidateComponentProvider - Identified candidate component class: file [E:\program_WorkSpace\big-event\target\classes\com\wzf\BigEventApplication.class]
17:53:47.809 [main] INFO org.springframework.boot.test.context.SpringBootTestContextBootstrapper - Found @SpringBootConfiguration com.wzf.BigEventApplication for test class com.wzf.RedisTest
17:53:47.951 [main] DEBUG org.springframework.boot.test.context.SpringBootTestContextBootstrapper - @TestExecutionListeners is not present for class [com.wzf.RedisTest]: using defaults.
17:53:47.951 [main] INFO org.springframework.boot.test.context.SpringBootTestContextBootstrapper - Loaded default TestExecutionListener class names from location [META-INF/spring.factories]: [org.springframework.boot.test.mock.mockito.MockitoTestExecutionListener, org.springframework.boot.test.mock.mockito.ResetMocksTestExecutionListener, org.springframework.boot.test.autoconfigure.restdocs.RestDocsTestExecutionListener, org.springframework.boot.test.autoconfigure.web.client.MockRestServiceServerResetTestExecutionListener, org.springframework.boot.test.autoconfigure.web.servlet.MockMvcPrintOnlyOnFailureTestExecutionListener, org.springframework.boot.test.autoconfigure.web.servlet.WebDriverTestExecutionListener, org.springframework.test.context.web.ServletTestExecutionListener, org.springframework.test.context.support.DirtiesContextBeforeModesTestExecutionListener, org.springframework.test.context.support.DependencyInjectionTestExecutionListener, org.springframework.test.context.support.DirtiesContextTestExecutionListener, org.springframework.test.context.transaction.TransactionalTestExecutionListener, org.springframework.test.context.jdbc.SqlScriptsTestExecutionListener]
17:53:47.968 [main] INFO org.springframework.boot.test.context.SpringBootTestContextBootstrapper - Using TestExecutionListeners: [org.springframework.test.context.web.ServletTestExecutionListener@1acaf3d, org.springframework.test.context.support.DirtiesContextBeforeModesTestExecutionListener@6986852, org.springframework.boot.test.mock.mockito.MockitoTestExecutionListener@1bab8268, org.springframework.boot.test.autoconfigure.SpringBootDependencyInjectionTestExecutionListener@a307a8c, org.springframework.test.context.support.DirtiesContextTestExecutionListener@6e01f9b0, org.springframework.test.context.transaction.TransactionalTestExecutionListener@2b9ed6da, org.springframework.test.context.jdbc.SqlScriptsTestExecutionListener@6c61a903, org.springframework.boot.test.mock.mockito.ResetMocksTestExecutionListener@658c5a19, org.springframework.boot.test.autoconfigure.restdocs.RestDocsTestExecutionListener@421e361, org.springframework.boot.test.autoconfigure.web.client.MockRestServiceServerResetTestExecutionListener@59d4cd39, org.springframework.boot.test.autoconfigure.web.servlet.MockMvcPrintOnlyOnFailureTestExecutionListener@389c4eb1, org.springframework.boot.test.autoconfigure.web.servlet.WebDriverTestExecutionListener@3fc79729]
17:53:47.969 [main] DEBUG org.springframework.test.annotation.ProfileValueUtils - Retrieved @ProfileValueSourceConfiguration [null] for test class [com.wzf.RedisTest]
17:53:47.972 [main] DEBUG org.springframework.test.annotation.ProfileValueUtils - Retrieved ProfileValueSource type [class org.springframework.test.annotation.SystemProfileValueSource] for class [com.wzf.RedisTest]
17:53:47.973 [main] DEBUG org.springframework.test.annotation.ProfileValueUtils - Retrieved @ProfileValueSourceConfiguration [null] for test class [com.wzf.RedisTest]
17:53:47.974 [main] DEBUG org.springframework.test.annotation.ProfileValueUtils - Retrieved ProfileValueSource type [class org.springframework.test.annotation.SystemProfileValueSource] for class [com.wzf.RedisTest]
17:53:47.975 [main] DEBUG org.springframework.test.annotation.ProfileValueUtils - Retrieved @ProfileValueSourceConfiguration [null] for test class [com.wzf.RedisTest]
17:53:47.975 [main] DEBUG org.springframework.test.annotation.ProfileValueUtils - Retrieved ProfileValueSource type [class org.springframework.test.annotation.SystemProfileValueSource] for class [com.wzf.RedisTest]
17:53:47.978 [main] DEBUG org.springframework.test.context.support.AbstractDirtiesContextTestExecutionListener - Before test class: context [DefaultTestContext@4fbe37eb testClass = RedisTest, testInstance = [null], testMethod = [null], testException = [null], mergedContextConfiguration = [WebMergedContextConfiguration@12a94400 testClass = RedisTest, locations = '{}', classes = '{class com.wzf.BigEventApplication}', contextInitializerClasses = '[]', activeProfiles = '{}', propertySourceLocations = '{}', propertySourceProperties = '{org.springframework.boot.test.context.SpringBootTestContextBootstrapper=true}', contextCustomizers = set[org.springframework.boot.test.context.filter.ExcludeFilterContextCustomizer@bd4dc25, org.springframework.boot.test.json.DuplicateJsonObjectContextCustomizerFactory$DuplicateJsonObjectContextCustomizer@3bf9ce3e, org.springframework.boot.test.mock.mockito.MockitoContextCustomizer@0, org.springframework.boot.test.web.client.TestRestTemplateContextCustomizer@2f217633, org.springframework.boot.test.autoconfigure.properties.PropertyMappingContextCustomizer@0, org.springframework.boot.test.autoconfigure.web.servlet.WebDriverContextCustomizerFactory$Customizer@52af26ee], resourceBasePath = 'src/main/webapp', contextLoader = 'org.springframework.boot.test.context.SpringBootContextLoader', parent = [null]], attributes = map['org.springframework.test.context.web.ServletTestExecutionListener.activateListener' -> true]], class annotated with @DirtiesContext [false] with mode [null].
17:53:47.978 [main] DEBUG org.springframework.test.annotation.ProfileValueUtils - Retrieved @ProfileValueSourceConfiguration [null] for test class [com.wzf.RedisTest]
17:53:47.979 [main] DEBUG org.springframework.test.annotation.ProfileValueUtils - Retrieved ProfileValueSource type [class org.springframework.test.annotation.SystemProfileValueSource] for class [com.wzf.RedisTest]
17:53:48.009 [main] DEBUG org.springframework.test.context.support.TestPropertySourceUtils - Adding inlined properties to environment: {spring.jmx.enabled=false, org.springframework.boot.test.context.SpringBootTestContextBootstrapper=true, server.port=-1}

  .   ____          _            __ _ _
 /\\ / ___'_ __ _ _(_)_ __  __ _ \ \ \ \
( ( )\___ | '_ | '_| | '_ \/ _` | \ \ \ \
 \\/  ___)| |_)| | | | | || (_| |  ) ) ) )
  '  |____| .__|_| |_|_| |_\__, | / / / /
 =========|_|==============|___/=/_/_/_/
 :: Spring Boot ::        (v2.1.6.RELEASE)

[main] 2024-12-09 17:53:48.858 INFO  com.wzf.RedisTest - Starting RedisTest on DESKTOP-14FSICQ with PID 21092 (started by DELL in E:\program_WorkSpace\big-event)
[main] 2024-12-09 17:53:48.860 INFO  com.wzf.RedisTest - No active profile set, falling back to default profiles: default
[main] 2024-12-09 17:53:50.208 INFO  o.s.d.r.c.RepositoryConfigurationDelegate - Multiple Spring Data modules found, entering strict repository configuration mode!
[main] 2024-12-09 17:53:50.214 INFO  o.s.d.r.c.RepositoryConfigurationDelegate - Bootstrapping Spring Data repositories in DEFAULT mode.
[main] 2024-12-09 17:53:50.269 INFO  o.s.d.r.c.RepositoryConfigurationDelegate - Finished Spring Data repository scanning in 24ms. Found 0 repository interfaces.
[main] 2024-12-09 17:53:51.007 INFO  o.s.c.s.PostProcessorRegistrationDelegate$BeanPostProcessorChecker - Bean 'org.springframework.transaction.annotation.ProxyTransactionManagementConfiguration' of type [org.springframework.transaction.annotation.ProxyTransactionManagementConfiguration$$EnhancerBySpringCGLIB$$6c87403c] is not eligible for getting processed by all BeanPostProcessors (for example: not eligible for auto-proxying)
=================== xxlJobExecutor init bean ======================
[main] 2024-12-09 17:53:53.128 INFO  o.s.s.c.ThreadPoolTaskExecutor - Initializing ExecutorService 'applicationTaskExecutor'
[main] 2024-12-09 17:53:53.936 INFO  o.s.s.c.ThreadPoolTaskScheduler - Initializing ExecutorService 'taskScheduler'
[main] 2024-12-09 17:53:54.049 INFO  c.x.j.core.executor.XxlJobExecutor - >>>>>>>>>>> xxl-job register jobhandler success, name:xxlJobTask, jobHandler:com.xxl.job.core.handler.impl.MethodJobHandler@bb6f3f7[class com.wzf.scheduled.XxlJobSchdduled#execute]
[main] 2024-12-09 17:53:54.162 INFO  com.wzf.RedisTest - Started RedisTest in 6.14 seconds (JVM running for 9.335)
[main] 2024-12-09 17:53:54.943 INFO  io.lettuce.core.EpollProvider - Starting without optional epoll library
[main] 2024-12-09 17:53:54.950 INFO  io.lettuce.core.KqueueProvider - Starting without optional kqueue library
[Thread-6] 2024-12-09 17:54:08.531 INFO  com.xxl.job.core.server.EmbedServer - >>>>>>>>>>> xxl-job remoting server start success, nettype = class com.xxl.job.core.server.EmbedServer, port = 9997
[xxl-job, executor ExecutorRegistryThread] 2024-12-09 17:54:10.807 ERROR c.x.j.core.util.XxlJobRemotingUtil - Connection refused: connect
java.net.ConnectException: Connection refused: connect
	at java.net.DualStackPlainSocketImpl.waitForConnect(Native Method)
	at java.net.DualStackPlainSocketImpl.socketConnect(DualStackPlainSocketImpl.java:81)
	at java.net.AbstractPlainSocketImpl.doConnect(AbstractPlainSocketImpl.java:476)
	at java.net.AbstractPlainSocketImpl.connectToAddress(AbstractPlainSocketImpl.java:218)
	at java.net.AbstractPlainSocketImpl.connect(AbstractPlainSocketImpl.java:200)
	at java.net.PlainSocketImpl.connect(PlainSocketImpl.java:162)
	at java.net.SocksSocketImpl.connect(SocksSocketImpl.java:394)
	at java.net.Socket.connect(Socket.java:606)
	at sun.net.NetworkClient.doConnect(NetworkClient.java:175)
	at sun.net.www.http.HttpClient.openServer(HttpClient.java:463)
	at sun.net.www.http.HttpClient.openServer(HttpClient.java:558)
	at sun.net.www.http.HttpClient.<init>(HttpClient.java:242)
	at sun.net.www.http.HttpClient.New(HttpClient.java:339)
	at sun.net.www.http.HttpClient.New(HttpClient.java:357)
	at sun.net.www.protocol.http.HttpURLConnection.getNewHttpClient(HttpURLConnection.java:1226)
	at sun.net.www.protocol.http.HttpURLConnection.plainConnect0(HttpURLConnection.java:1162)
	at sun.net.www.protocol.http.HttpURLConnection.plainConnect(HttpURLConnection.java:1056)
	at sun.net.www.protocol.http.HttpURLConnection.connect(HttpURLConnection.java:990)
	at com.xxl.job.core.util.XxlJobRemotingUtil.postBody(XxlJobRemotingUtil.java:95)
	at com.xxl.job.core.biz.client.AdminBizClient.registry(AdminBizClient.java:42)
	at com.xxl.job.core.thread.ExecutorRegistryThread$1.run(ExecutorRegistryThread.java:48)
	at java.lang.Thread.run(Thread.java:748)
[xxl-job, executor ExecutorRegistryThread] 2024-12-09 17:54:10.807 INFO  c.x.j.c.t.ExecutorRegistryThread - >>>>>>>>>>> xxl-job registry fail, registryParam:RegistryParam{registryGroup='EXECUTOR', registryKey='default_token', registryValue='http://192.168.1.178:9997/'}, registryResult:ReturnT [code=500, msg=xxl-rpc remoting error(Connection refused: connect), for url : http://localhost:8080/xxl-job-admin/api/registry, content=null]
]]></system-out>
  </testcase>
  <testcase name="testSet" classname="com.wzf.RedisTest" time="2.218">
    <error message="Unable to connect to Redis; nested exception is io.lettuce.core.RedisConnectionException: Unable to connect to localhost:6379" type="org.springframework.data.redis.RedisConnectionFailureException">org.springframework.data.redis.RedisConnectionFailureException: Unable to connect to Redis; nested exception is io.lettuce.core.RedisConnectionException: Unable to connect to localhost:6379
	at com.wzf.RedisTest.testSet(RedisTest.java:25)
Caused by: io.lettuce.core.RedisConnectionException: Unable to connect to localhost:6379
	at com.wzf.RedisTest.testSet(RedisTest.java:25)
Caused by: io.netty.channel.AbstractChannel$AnnotatedConnectException: Connection refused: no further information: localhost/127.0.0.1:6379
Caused by: java.net.ConnectException: Connection refused: no further information
</error>
    <system-out><![CDATA[org.springframework.data.redis.core.StringRedisTemplate@33bb3f86
]]></system-out>
  </testcase>
</testsuite>